A D/experiment_01_LB_DIFF////
A D/experiment_02_LB_FLOW////
A D/experiment_03_PF////
A D/experiment_04_Frac////
A D/experiment_05_Cation////
A D/experiment_06_SubGG////
A D/experiment_07_GBM////
A D/experiment_07_GG////
A D/experiment_08_Melt////
A D/experiment_09_Pblast////
A D/experiment_10_TBH_FEM////
A D/experiment_11_Boudin////
A D/experiment_12_Grooves////
A D/experiment_13_Stylo////
A D/experiment_14_Pblast_loc////
A D/experiment_14_Phasetrans////
A D/experiment_15_GBM////
A D/experiment_15_GG////
A D/experiment_16_DRX////
A D/experiment_17_Local////
A D/experiment_18_Inclusions////
A D/experiment_19_Mudcracks////
A D/experiment_20_Visco_elastic////
A D/experiment_21_Rigid_obj////
A D/experiment_22_Pblast_loc////
R D/experiment_22_Pblast_loc////
R D/experiment_15_GG////
R D/experiment_14_Phasetrans////
R D/experiment_07_GBM////
